SF:lib/app/core/utils/string_extensions.dart
DA:2,1
DA:3,1
DA:6,4
LF:3
LH:3
end_of_record
SF:lib/app/app_module.dart
DA:15,2
DA:16,2
DA:17,2
DA:18,2
DA:19,0
DA:20,2
DA:21,2
DA:22,0
DA:24,5
DA:27,1
DA:28,1
DA:29,3
DA:30,1
DA:31,1
DA:32,0
DA:33,0
DA:35,1
DA:36,0
DA:37,1
DA:38,0
DA:39,0
LF:21
LH:14
end_of_record
SF:lib/app/modules/home/home.repository.dart
DA:22,1
DA:23,1
DA:26,2
DA:27,1
DA:29,2
DA:30,1
DA:31,1
DA:32,2
DA:33,1
DA:35,3
DA:39,1
DA:42,2
DA:43,1
DA:45,3
DA:49,1
DA:53,2
DA:56,1
DA:57,1
DA:61,1
DA:65,2
DA:66,1
DA:68,1
DA:69,1
LF:23
LH:23
end_of_record
SF:lib/app/modules/home/home_controller.dart
DA:15,1
DA:17,1
DA:18,2
DA:19,2
DA:20,2
DA:21,2
DA:22,3
DA:23,1
DA:24,2
DA:25,3
DA:27,2
DA:31,1
DA:32,2
DA:33,1
DA:34,5
DA:35,3
DA:38,1
DA:39,2
DA:40,1
DA:41,5
DA:42,1
DA:45,1
DA:46,2
DA:48,1
DA:49,5
DA:50,1
DA:54,0
DA:55,0
DA:58,1
DA:59,2
DA:62,2
DA:63,2
DA:64,0
LF:33
LH:30
end_of_record
SF:lib/app/modules/home/pages/error_page.dart
DA:6,0
DA:8,0
DA:10,0
DA:11,0
DA:12,0
DA:13,0
DA:14,0
DA:15,0
DA:16,0
DA:18,0
DA:21,0
DA:23,0
DA:24,0
LF:13
LH:0
end_of_record
SF:lib/app/modules/home/pages/product_details.dart
DA:10,0
DA:12,0
DA:14,0
DA:15,0
DA:17,0
DA:19,0
DA:20,0
DA:21,0
DA:24,0
DA:25,0
DA:27,0
DA:28,0
DA:32,0
DA:34,0
DA:36,0
DA:37,0
DA:38,0
DA:46,0
DA:49,0
DA:50,0
DA:51,0
DA:52,0
DA:54,0
DA:59,0
DA:60,0
DA:61,0
DA:63,0
DA:69,0
DA:70,0
DA:71,0
DA:72,0
DA:82,0
DA:83,0
DA:88,0
DA:89,0
DA:90,0
DA:98,0
DA:100,0
DA:106,0
DA:107,0
DA:110,0
DA:111,0
DA:112,0
DA:116,0
DA:117,0
LF:45
LH:0
end_of_record
SF:lib/app/core/app_configure.dart
DA:5,0
DA:6,0
LF:2
LH:0
end_of_record
SF:lib/app/core/services/shared_prefrence.dart
DA:9,2
DA:11,1
DA:12,1
DA:13,5
DA:14,5
DA:16,1
DA:18,1
DA:21,1
DA:22,1
DA:23,1
DA:24,1
DA:25,1
DA:27,3
DA:28,1
DA:31,1
DA:36,1
DA:37,1
DA:39,4
DA:40,1
DA:41,1
DA:44,1
DA:45,1
DA:46,5
LF:23
LH:23
end_of_record
SF:lib/app/modules/home/pages/favorite_products_page.dart
DA:10,7
DA:12,0
DA:13,0
DA:18,0
DA:20,0
DA:21,0
DA:22,0
DA:25,0
DA:27,0
DA:28,0
DA:31,0
DA:34,0
DA:35,0
DA:36,0
DA:37,0
DA:38,0
DA:39,0
DA:40,0
DA:41,0
DA:42,0
DA:43,0
DA:44,0
DA:45,0
DA:46,0
DA:47,0
DA:48,0
DA:49,0
DA:57,0
DA:58,0
DA:59,0
DA:62,0
DA:64,0
DA:66,0
DA:70,0
LF:34
LH:1
end_of_record
SF:lib/app/modules/home/pages/home_page.dart
DA:10,7
DA:12,1
DA:13,1
DA:18,1
DA:20,1
DA:21,3
DA:22,3
DA:25,1
DA:26,2
DA:29,1
DA:31,1
DA:32,1
DA:36,1
DA:37,1
DA:38,4
DA:44,1
DA:46,1
DA:48,1
DA:49,2
DA:50,1
DA:51,1
DA:52,1
DA:53,1
DA:54,1
DA:55,1
DA:56,1
DA:57,3
DA:58,1
DA:59,2
DA:60,1
DA:61,1
DA:62,2
DA:70,1
DA:71,0
DA:72,0
DA:73,0
DA:74,0
DA:75,0
DA:81,1
DA:82,4
LF:40
LH:35
end_of_record
SF:lib/app/app_widget.dart
DA:9,1
DA:11,1
DA:13,1
DA:15,1
DA:16,1
DA:17,1
DA:18,1
DA:19,1
DA:22,1
DA:25,1
DA:26,3
DA:27,2
DA:28,2
LF:13
LH:13
end_of_record
SF:lib/app/core/snackbar_manager/snackbar_manager.dart
DA:4,2
DA:5,1
DA:8,0
DA:14,0
DA:17,0
DA:18,0
DA:25,0
DA:26,0
DA:32,0
DA:33,0
DA:34,0
DA:42,0
LF:12
LH:2
end_of_record
SF:lib/app/core/app_color.dart
DA:4,2
DA:5,2
DA:6,2
DA:7,2
DA:8,0
DA:9,0
LF:6
LH:4
end_of_record
SF:lib/app/core/app_error.dart
DA:3,2
LF:1
LH:1
end_of_record
SF:lib/app/core/entitys/product.dart
DA:12,5
DA:23,0
DA:24,0
DA:25,0
DA:26,0
DA:27,0
DA:28,0
DA:29,0
DA:30,0
DA:31,0
DA:32,0
DA:36,2
DA:38,4
LF:13
LH:3
end_of_record
SF:lib/app/core/models/product_model.dart
DA:6,4
DA:16,1
DA:18,1
DA:19,1
DA:20,1
DA:21,1
DA:22,1
DA:23,1
DA:24,1
DA:25,1
DA:26,1
DA:30,0
DA:32,1
DA:33,1
DA:34,1
DA:35,1
DA:36,1
DA:37,1
DA:38,1
DA:39,1
DA:40,1
DA:41,1
DA:45,0
DA:46,0
DA:48,1
DA:49,1
DA:50,1
DA:51,1
DA:52,1
DA:53,1
DA:54,1
DA:55,1
DA:56,1
DA:57,1
LF:34
LH:31
end_of_record
SF:lib/app/modules/home/home_errors.dart
DA:4,2
LF:1
LH:1
end_of_record
SF:lib/app/modules/home/home_adapters.dart
DA:4,2
DA:5,2
DA:6,2
DA:7,2
DA:8,4
DA:9,2
DA:10,2
DA:11,2
DA:12,6
DA:13,6
DA:16,2
DA:17,2
DA:18,2
DA:19,2
DA:26,2
DA:27,2
DA:29,1
DA:30,1
LF:18
LH:18
end_of_record
SF:lib/app/modules/home/home_state.dart
DA:12,2
DA:17,2
LF:2
LH:2
end_of_record
SF:lib/app/modules/home/widgets/card_product_favorite.dart
DA:8,0
DA:10,0
DA:12,0
DA:14,0
DA:15,0
DA:17,0
DA:20,0
DA:21,0
DA:22,0
DA:26,0
DA:27,0
DA:33,0
DA:34,0
DA:37,0
DA:38,0
DA:42,0
DA:45,0
DA:47,0
DA:49,0
DA:50,0
DA:51,0
DA:52,0
DA:54,0
DA:59,0
DA:60,0
DA:61,0
DA:62,0
DA:63,0
DA:71,0
DA:72,0
DA:73,0
DA:74,0
DA:75,0
DA:76,0
LF:34
LH:0
end_of_record
SF:lib/app/modules/home/widgets/search_field.dart
DA:6,14
DA:8,1
DA:10,1
DA:12,1
DA:14,1
DA:15,1
DA:21,1
LF:7
LH:7
end_of_record
SF:lib/app/modules/home/widgets/card_product.dart
DA:10,1
DA:12,1
DA:14,1
DA:15,5
DA:16,1
DA:18,1
DA:19,3
DA:21,1
DA:24,1
DA:25,2
DA:26,1
DA:30,1
DA:31,3
DA:37,1
DA:38,1
DA:41,1
DA:42,3
DA:46,1
DA:49,1
DA:51,1
DA:53,1
DA:54,1
DA:55,1
DA:56,1
DA:58,1
DA:63,1
DA:64,5
DA:65,1
DA:66,1
DA:67,1
DA:73,2
DA:76,1
DA:77,1
DA:78,1
DA:79,3
DA:80,1
DA:81,1
LF:37
LH:37
end_of_record
SF:lib/app/modules/home/widgets/favorite_button.dart
DA:12,1
DA:14,1
DA:15,1
DA:21,1
DA:23,1
DA:24,3
DA:25,5
DA:26,1
DA:29,0
DA:30,0
DA:31,0
DA:35,1
DA:36,3
DA:37,4
DA:40,0
DA:41,0
DA:42,0
DA:45,0
DA:47,0
DA:54,1
DA:56,1
DA:57,1
DA:58,1
DA:59,1
DA:60,3
DA:68,0
DA:69,0
DA:70,0
DA:71,0
LF:29
LH:17
end_of_record
