SF:lib/app/core/utils/string_extensions.dart
DA:2,1
DA:3,1
DA:6,4
LF:3
LH:3
end_of_record
SF:lib/app/core/services/shared_prefrence.dart
DA:9,1
DA:11,1
DA:12,1
DA:13,5
DA:14,5
DA:16,1
DA:18,1
DA:21,1
DA:22,1
DA:23,1
DA:24,1
DA:25,1
DA:27,3
DA:28,1
DA:31,1
DA:36,1
DA:37,1
DA:39,4
DA:40,1
DA:41,1
DA:44,1
DA:45,1
DA:46,5
LF:23
LH:23
end_of_record
SF:lib/app/core/entitys/product.dart
DA:13,3
DA:28,0
DA:29,0
DA:30,0
DA:31,0
DA:32,0
DA:33,0
DA:34,0
DA:35,0
DA:36,0
DA:37,0
LF:11
LH:1
end_of_record
SF:lib/app/core/models/product_model.dart
DA:6,2
DA:16,1
DA:18,1
DA:19,1
DA:20,1
DA:21,1
DA:22,1
DA:23,1
DA:24,1
DA:25,1
DA:26,1
DA:30,0
DA:32,1
DA:33,1
DA:34,1
DA:35,1
DA:36,1
DA:37,1
DA:38,1
DA:39,1
DA:40,1
DA:41,1
DA:45,0
DA:46,0
DA:48,0
DA:49,0
DA:50,0
DA:51,0
DA:52,0
DA:53,0
DA:54,0
DA:55,0
DA:56,0
DA:57,0
LF:34
LH:21
end_of_record
SF:lib/app/modules/home/home_adapters.dart
DA:4,2
DA:5,2
DA:6,2
DA:7,2
DA:8,4
DA:9,2
DA:10,2
DA:11,2
DA:12,6
DA:13,6
DA:16,2
DA:17,2
DA:18,2
DA:19,2
DA:26,2
DA:27,2
DA:29,1
DA:30,1
LF:18
LH:18
end_of_record
SF:lib/app/core/app_error.dart
DA:3,1
LF:1
LH:1
end_of_record
SF:lib/app/modules/home/home.repository.dart
DA:18,1
DA:19,1
DA:22,2
DA:23,1
DA:25,2
DA:26,1
DA:27,1
DA:28,2
DA:29,1
DA:31,3
DA:35,1
DA:38,2
DA:39,1
DA:41,3
LF:14
LH:14
end_of_record
SF:lib/app/modules/home/home_errors.dart
DA:4,1
LF:1
LH:1
end_of_record
